# JRE version: OpenJDK Runtime Environment (8.0_152-b06) (build 1.8.0_152-release-1136-b06)
# Java VM: OpenJDK 64-Bit Server VM (25.152-b06 mixed mode windows-amd64 compressed oops)
Heap:
 PSYoungGen      total 96768K, used 1127K [0x00000000e0000000, 0x00000000e6a00000, 0x0000000100000000)
  eden space 84992K, 0% used [0x00000000e0000000,0x00000000e0000000,0x00000000e5300000)
  from space 11776K, 9% used [0x00000000e5300000,0x00000000e5419df0,0x00000000e5e80000)
  to   space 10752K, 0% used [0x00000000e5f80000,0x00000000e5f80000,0x00000000e6a00000)
 ParOldGen       total 104960K, used 16677K [0x00000000a0000000, 0x00000000a6680000, 0x00000000e0000000)
  object space 104960K, 15% used [0x00000000a0000000,0x00000000a10497e0,0x00000000a6680000)
 Metaspace       used 36478K, capacity 37248K, committed 37376K, reserved 1085440K
  class space    used 5006K, capacity 5289K, committed 5376K, reserved 1048576K
GC Heap History (10 events):
Event: 9.967 GC heap before
{Heap before GC invocations=8 (full 1):
 PSYoungGen      total 57344K, used 51021K [0x00000000e0000000, 0x00000000e4200000, 0x0000000100000000)
  eden space 47104K, 100% used [0x00000000e0000000,0x00000000e2e00000,0x00000000e2e00000)
  from space 10240K, 38% used [0x00000000e3800000,0x00000000e3bd35f0,0x00000000e4200000)
  to   space 10240K, 0% used [0x00000000e2e00000,0x00000000e2e00000,0x00000000e3800000)
 ParOldGen       total 65536K, used 8405K [0x00000000a0000000, 0x00000000a4000000, 0x00000000e0000000)
  object space 65536K, 12% used [0x00000000a0000000,0x00000000a08354a8,0x00000000a4000000)
 Metaspace       used 27303K, capacity 27902K, committed 28032K, reserved 1073152K
  class space    used 3737K, capacity 3920K, committed 3968K, reserved 1048576K
Event: 9.983 GC heap after
Heap after GC invocations=8 (full 1):
 PSYoungGen      total 57344K, used 6331K [0x00000000e0000000, 0x00000000e5680000, 0x0000000100000000)
  eden space 47104K, 0% used [0x00000000e0000000,0x00000000e0000000,0x00000000e2e00000)
  from space 10240K, 61% used [0x00000000e2e00000,0x00000000e342eef0,0x00000000e3800000)
  to   space 9728K, 0% used [0x00000000e4d00000,0x00000000e4d00000,0x00000000e5680000)
 ParOldGen       total 65536K, used 8413K [0x00000000a0000000, 0x00000000a4000000, 0x00000000e0000000)
  object space 65536K, 12% used [0x00000000a0000000,0x00000000a08374a8,0x00000000a4000000)
 Metaspace       used 27303K, capacity 27902K, committed 28032K, reserved 1073152K
  class space    used 3737K, capacity 3920K, committed 3968K, reserved 1048576K
}
Event: 11.357 GC heap before
{Heap before GC invocations=9 (full 1):
 PSYoungGen      total 57344K, used 53435K [0x00000000e0000000, 0x00000000e5680000, 0x0000000100000000)
  eden space 47104K, 100% used [0x00000000e0000000,0x00000000e2e00000,0x00000000e2e00000)
  from space 10240K, 61% used [0x00000000e2e00000,0x00000000e342eef0,0x00000000e3800000)
  to   space 9728K, 0% used [0x00000000e4d00000,0x00000000e4d00000,0x00000000e5680000)
 ParOldGen       total 65536K, used 8413K [0x00000000a0000000, 0x00000000a4000000, 0x00000000e0000000)
  object space 65536K, 12% used [0x00000000a0000000,0x00000000a08374a8,0x00000000a4000000)
 Metaspace       used 30002K, capacity 30676K, committed 30848K, reserved 1075200K
  class space    used 4219K, capacity 4461K, committed 4480K, reserved 1048576K
Event: 11.374 GC heap after
Heap after GC invocations=9 (full 1):
 PSYoungGen      total 77824K, used 8938K [0x00000000e0000000, 0x00000000e5900000, 0x0000000100000000)
  eden space 68096K, 0% used [0x00000000e0000000,0x00000000e0000000,0x00000000e4280000)
  from space 9728K, 91% used [0x00000000e4d00000,0x00000000e55ba840,0x00000000e5680000)
  to   space 10752K, 0% used [0x00000000e4280000,0x00000000e4280000,0x00000000e4d00000)
 ParOldGen       total 65536K, used 8421K [0x00000000a0000000, 0x00000000a4000000, 0x00000000e0000000)
  object space 65536K, 12% used [0x00000000a0000000,0x00000000a08394a8,0x00000000a4000000)
 Metaspace       used 30002K, capacity 30676K, committed 30848K, reserved 1075200K
  class space    used 4219K, capacity 4461K, committed 4480K, reserved 1048576K
}
Event: 14.973 GC heap before
{Heap before GC invocations=10 (full 1):
 PSYoungGen      total 77824K, used 77034K [0x00000000e0000000, 0x00000000e5900000, 0x0000000100000000)
  eden space 68096K, 100% used [0x00000000e0000000,0x00000000e4280000,0x00000000e4280000)
  from space 9728K, 91% used [0x00000000e4d00000,0x00000000e55ba840,0x00000000e5680000)
  to   space 10752K, 0% used [0x00000000e4280000,0x00000000e4280000,0x00000000e4d00000)
 ParOldGen       total 65536K, used 8421K [0x00000000a0000000, 0x00000000a4000000, 0x00000000e0000000)
  object space 65536K, 12% used [0x00000000a0000000,0x00000000a08394a8,0x00000000a4000000)
 Metaspace       used 32724K, capacity 33466K, committed 33792K, reserved 1079296K
  class space    used 4486K, capacity 4750K, committed 4864K, reserved 1048576K
Event: 14.992 GC heap after
Heap after GC invocations=10 (full 1):
 PSYoungGen      total 78848K, used 8540K [0x00000000e0000000, 0x00000000e6a80000, 0x0000000100000000)
  eden space 68096K, 0% used [0x00000000e0000000,0x00000000e0000000,0x00000000e4280000)
  from space 10752K, 79% used [0x00000000e4280000,0x00000000e4ad7288,0x00000000e4d00000)
  to   space 11264K, 0% used [0x00000000e5f80000,0x00000000e5f80000,0x00000000e6a80000)
 ParOldGen       total 65536K, used 8501K [0x00000000a0000000, 0x00000000a4000000, 0x00000000e0000000)
  object space 65536K, 12% used [0x00000000a0000000,0x00000000a084d4b8,0x00000000a4000000)
 Metaspace       used 32724K, capacity 33466K, committed 33792K, reserved 1079296K
  class space    used 4486K, capacity 4750K, committed 4864K, reserved 1048576K
}
Event: 20.683 GC heap before
{Heap before GC invocations=11 (full 1):
 PSYoungGen      total 78848K, used 46812K [0x00000000e0000000, 0x00000000e6a80000, 0x0000000100000000)
  eden space 68096K, 56% used [0x00000000e0000000,0x00000000e255feb8,0x00000000e4280000)
  from space 10752K, 79% used [0x00000000e4280000,0x00000000e4ad7288,0x00000000e4d00000)
  to   space 11264K, 0% used [0x00000000e5f80000,0x00000000e5f80000,0x00000000e6a80000)
 ParOldGen       total 65536K, used 8501K [0x00000000a0000000, 0x00000000a4000000, 0x00000000e0000000)
  object space 65536K, 12% used [0x00000000a0000000,0x00000000a084d4b8,0x00000000a4000000)
 Metaspace       used 34521K, capacity 35278K, committed 35416K, reserved 1079296K
  class space    used 4745K, capacity 5037K, committed 5120K, reserved 1048576K
Event: 20.702 GC heap after
Heap after GC invocations=11 (full 1):
 PSYoungGen      total 95744K, used 10102K [0x00000000e0000000, 0x00000000e6a00000, 0x0000000100000000)
  eden space 84992K, 0% used [0x00000000e0000000,0x00000000e0000000,0x00000000e5300000)
  from space 10752K, 93% used [0x00000000e5f80000,0x00000000e695db08,0x00000000e6a00000)
  to   space 11776K, 0% used [0x00000000e5300000,0x00000000e5300000,0x00000000e5e80000)
 ParOldGen       total 65536K, used 8509K [0x00000000a0000000, 0x00000000a4000000, 0x00000000e0000000)
  object space 65536K, 12% used [0x00000000a0000000,0x00000000a084f4b8,0x00000000a4000000)
 Metaspace       used 34521K, capacity 35278K, committed 35416K, reserved 1079296K
  class space    used 4745K, capacity 5037K, committed 5120K, reserved 1048576K
}
Event: 20.702 GC heap before
{Heap before GC invocations=12 (full 2):
 PSYoungGen      total 95744K, used 10102K [0x00000000e0000000, 0x00000000e6a00000, 0x0000000100000000)
  eden space 84992K, 0% used [0x00000000e0000000,0x00000000e0000000,0x00000000e5300000)
  from space 10752K, 93% used [0x00000000e5f80000,0x00000000e695db08,0x00000000e6a00000)
  to   space 11776K, 0% used [0x00000000e5300000,0x00000000e5300000,0x00000000e5e80000)
 ParOldGen       total 65536K, used 8509K [0x00000000a0000000, 0x00000000a4000000, 0x00000000e0000000)
  object space 65536K, 12% used [0x00000000a0000000,0x00000000a084f4b8,0x00000000a4000000)
 Metaspace       used 34521K, capacity 35278K, committed 35416K, reserved 1079296K
  class space    used 4745K, capacity 5037K, committed 5120K, reserved 1048576K
Event: 20.837 GC heap after
Heap after GC invocations=12 (full 2):
 PSYoungGen      total 95744K, used 0K [0x00000000e0000000, 0x00000000e6a00000, 0x0000000100000000)
  eden space 84992K, 0% used [0x00000000e0000000,0x00000000e0000000,0x00000000e5300000)
  from space 10752K, 0% used [0x00000000e5f80000,0x00000000e5f80000,0x00000000e6a00000)
  to   space 11776K, 0% used [0x00000000e5300000,0x00000000e5300000,0x00000000e5e80000)
 ParOldGen       total 104960K, used 16669K [0x00000000a0000000, 0x00000000a6680000, 0x00000000e0000000)
  object space 104960K, 15% used [0x00000000a0000000,0x00000000a10477e0,0x00000000a6680000)
 Metaspace       used 34521K, capacity 35278K, committed 35416K, reserved 1079296K
  class space    used 4745K, capacity 5037K, committed 5120K, reserved 1048576K
}

